{"total": {"lines":{"total":64,"covered":64,"skipped":0,"pct":100},"statements":{"total":69,"covered":69,"skipped":0,"pct":100},"functions":{"total":10,"covered":10,"skipped":0,"pct":100},"branches":{"total":81,"covered":80,"skipped":0,"pct":98.76}}
,"/home/runner/work/rehype-attr/rehype-attr/src/index.ts": {"lines":{"total":20,"covered":20,"skipped":0,"pct":100},"functions":{"total":3,"covered":3,"skipped":0,"pct":100},"statements":{"total":20,"covered":20,"skipped":0,"pct":100},"branches":{"total":27,"covered":26,"skipped":0,"pct":96.29}}
,"/home/runner/work/rehype-attr/rehype-attr/src/utils.ts": {"lines":{"total":44,"covered":44,"skipped":0,"pct":100},"functions":{"total":7,"covered":7,"skipped":0,"pct":100},"statements":{"total":49,"covered":49,"skipped":0,"pct":100},"branches":{"total":54,"covered":54,"skipped":0,"pct":100}}
}
