{"total": {"lines":{"total":66,"covered":66,"skipped":0,"pct":100},"statements":{"total":72,"covered":71,"skipped":0,"pct":98.61},"functions":{"total":10,"covered":10,"skipped":0,"pct":100},"branches":{"total":88,"covered":86,"skipped":0,"pct":97.72},"branchesTrue":{"total":0,"covered":0,"skipped":0,"pct":"Unknown"}}
,"/home/runner/work/rehype-attr/rehype-attr/src/index.ts": {"lines":{"total":19,"covered":19,"skipped":0,"pct":100},"functions":{"total":3,"covered":3,"skipped":0,"pct":100},"statements":{"total":19,"covered":19,"skipped":0,"pct":100},"branches":{"total":31,"covered":30,"skipped":0,"pct":96.77}}
,"/home/runner/work/rehype-attr/rehype-attr/src/utils.ts": {"lines":{"total":47,"covered":47,"skipped":0,"pct":100},"functions":{"total":7,"covered":7,"skipped":0,"pct":100},"statements":{"total":53,"covered":52,"skipped":0,"pct":98.11},"branches":{"total":57,"covered":56,"skipped":0,"pct":98.24}}
}
