TN:
SF:src/index.ts
FN:52,(anonymous_0)
FN:54,(anonymous_1)
FN:55,(anonymous_2)
FNF:3
FNH:3
FNDA:46,(anonymous_0)
FNDA:46,(anonymous_1)
FNDA:89,(anonymous_2)
DA:48,1
DA:52,1
DA:53,46
DA:54,46
DA:55,46
DA:56,89
DA:57,12
DA:58,12
DA:59,12
DA:60,12
DA:61,9
DA:62,9
DA:63,8
DA:64,8
DA:70,89
DA:71,70
DA:72,70
DA:73,33
DA:74,33
DA:75,31
LF:20
LH:20
BRDA:56,0,0,12
BRDA:56,0,1,77
BRDA:56,1,0,89
BRDA:56,1,1,12
BRDA:56,1,2,12
BRDA:56,1,3,12
BRDA:56,1,4,12
BRDA:56,1,5,12
BRDA:58,2,0,12
BRDA:58,2,1,0
BRDA:58,3,0,12
BRDA:58,3,1,12
BRDA:58,3,2,12
BRDA:60,4,0,9
BRDA:60,4,1,3
BRDA:62,5,0,8
BRDA:62,5,1,1
BRDA:70,6,0,70
BRDA:70,6,1,19
BRDA:70,7,0,89
BRDA:70,7,1,70
BRDA:70,7,2,70
BRDA:70,7,3,70
BRDA:72,8,0,33
BRDA:72,8,1,37
BRDA:74,9,0,31
BRDA:74,9,1,2
BRF:27
BRH:26
end_of_record
TN:
SF:src/utils.ts
FN:4,(anonymous_0)
FN:6,(anonymous_1)
FN:12,(anonymous_2)
FN:25,(anonymous_3)
FN:54,(anonymous_4)
FN:56,(anonymous_5)
FN:74,(anonymous_6)
FNF:7
FNH:7
FNDA:44,(anonymous_0)
FNDA:47,(anonymous_1)
FNDA:17,(anonymous_2)
FNDA:114,(anonymous_3)
FNDA:44,(anonymous_4)
FNDA:47,(anonymous_5)
FNDA:46,(anonymous_6)
DA:4,1
DA:5,44
DA:7,47
DA:12,1
DA:13,17
DA:14,17
DA:15,27
DA:16,27
DA:17,25
DA:18,14
DA:19,12
DA:22,1
DA:25,1
DA:26,114
DA:27,114
DA:28,146
DA:29,146
DA:30,45
DA:31,45
DA:32,7
DA:35,101
DA:36,101
DA:37,69
DA:38,42
DA:39,38
DA:40,38
DA:41,35
DA:45,33
DA:54,1
DA:55,44
DA:56,44
DA:57,47
DA:58,1
DA:60,47
DA:61,1
DA:63,47
DA:64,3
DA:67,44
DA:74,1
DA:75,46
DA:76,6
DA:77,40
DA:78,37
DA:80,3
LF:44
LH:44
BRDA:5,0,0,44
BRDA:5,0,1,4
BRDA:12,1,0,2
BRDA:16,2,0,2
BRDA:16,2,1,25
BRDA:17,3,0,14
BRDA:17,3,1,11
BRDA:17,4,0,25
BRDA:17,4,1,25
BRDA:17,4,2,24
BRDA:17,4,3,12
BRDA:18,5,0,2
BRDA:18,5,1,12
BRDA:18,6,0,14
BRDA:18,6,1,12
BRDA:25,7,0,2
BRDA:29,8,0,45
BRDA:29,8,1,101
BRDA:31,9,0,7
BRDA:31,9,1,38
BRDA:31,10,0,45
BRDA:31,10,1,13
BRDA:31,10,2,7
BRDA:31,10,3,43
BRDA:31,10,4,11
BRDA:32,11,0,4
BRDA:32,11,1,3
BRDA:36,12,0,32
BRDA:36,12,1,69
BRDA:36,13,0,101
BRDA:36,13,1,70
BRDA:36,13,2,43
BRDA:36,13,3,69
BRDA:36,13,4,27
BRDA:37,14,0,42
BRDA:37,14,1,27
BRDA:38,15,0,4
BRDA:38,15,1,38
BRDA:40,16,0,3
BRDA:40,16,1,35
BRDA:54,17,0,1
BRDA:57,18,0,1
BRDA:57,18,1,46
BRDA:60,19,0,1
BRDA:60,19,1,46
BRDA:63,20,0,3
BRDA:63,20,1,44
BRDA:63,21,0,47
BRDA:63,21,1,45
BRDA:63,21,2,44
BRDA:75,22,0,6
BRDA:75,22,1,40
BRDA:77,23,0,37
BRDA:77,23,1,3
BRF:54
BRH:54
end_of_record
